============================= test session starts ==============================
platform linux -- Python 3.10.6, pytest-7.3.1, pluggy-1.0.0
rootdir: /mnt/c/Users/evely/OneDrive/Documents/ProgramAnalysis/program-analysis-final-project/examples/count
plugins: hypothesis-6.74.0, typeguard-3.0.2
collected 2 items

tests/pynguin/test_count.py F                                            [ 50%]
tests/pynguin/test_count_types.py .                                      [100%]

=================================== FAILURES ===================================
_________________________________ test_case_0 __________________________________

    def test_case_0():
        none_type_0 = None
>       module_0.count(none_type_0, none_type_0)

tests/pynguin/test_count.py:8: 
_ _ _ _ _ _ _ _ _ _ _ _ _ _ _ _ _ _ _ _ _ _ _ _ _ _ _ _ _ _ _ _ _ _ _ _ _ _ _ _ 

items = None, item = None

    def count(items, item):
>       return items.count(item)
E       AttributeError: 'NoneType' object has no attribute 'count'

count.py:2: AttributeError
=========================== short test summary info ============================
FAILED tests/pynguin/test_count.py::test_case_0 - AttributeError: 'NoneType' ...
========================= 1 failed, 1 passed in 6.08s ==========================
